{
  "RSpec": {
    "coverage": {
      "/home/kuujakke/Kode/arkisto/spec/models/image_spec.rb": [
        1,
        null,
        1,
        1,
        null
      ],
      "/home/kuujakke/Kode/arkisto/spec/rails_helper.rb": [
        null,
        1,
        1,
        null,
        1,
        1,
        1,
        null,
        null,
        null,
        null,
        null,
        null,
        null,
        null,
        null,
        null,
        null,
        null,
        null,
        null,
        null,
        null,
        null,
        null,
        null,
        1,
        null,
        1,
        null,
        1,
        null,
        null,
        null,
        null,
        1,
        null,
        null,
        null,
        null,
        null,
        null,
        null,
        null,
        null,
        null,
        null,
        null,
        null,
        null,
        1,
        null,
        null,
        1,
        null,
        null,
        null
      ],
      "/home/kuujakke/Kode/arkisto/config/environment.rb": [
        null,
        1,
        null,
        null,
        1
      ],
      "/home/kuujakke/Kode/arkisto/config/application.rb": [
        1,
        null,
        1,
        null,
        null,
        null,
        1,
        null,
        1,
        1,
        null,
        null,
        null,
        null,
        null
      ],
      "/home/kuujakke/Kode/arkisto/config/boot.rb": [
        1,
        null,
        1
      ],
      "/home/kuujakke/Kode/arkisto/config/environments/test.rb": [
        1,
        null,
        null,
        null,
        null,
        null,
        null,
        1,
        null,
        null,
        null,
        null,
        1,
        null,
        null,
        1,
        1,
        null,
        null,
        null,
        null,
        1,
        1,
        null,
        null,
        1,
        null,
        null,
        1,
        1,
        null,
        null,
        null,
        null,
        1,
        null,
        null,
        1,
        null,
        null,
        null,
        null
      ],
      "/home/kuujakke/Kode/arkisto/config/initializers/application_controller_renderer.rb": [
        null,
        null,
        null,
        null,
        null,
        null
      ],
      "/home/kuujakke/Kode/arkisto/config/initializers/assets.rb": [
        null,
        null,
        null,
        1,
        null,
        null,
        null,
        null,
        null,
        null,
        null
      ],
      "/home/kuujakke/Kode/arkisto/config/initializers/backtrace_silencers.rb": [
        null,
        null,
        null,
        null,
        null,
        null,
        null
      ],
      "/home/kuujakke/Kode/arkisto/config/initializers/cookies_serializer.rb": [
        null,
        null,
        null,
        null,
        1
      ],
      "/home/kuujakke/Kode/arkisto/config/initializers/filter_parameter_logging.rb": [
        null,
        null,
        null,
        1
      ],
      "/home/kuujakke/Kode/arkisto/config/initializers/inflections.rb": [
        null,
        null,
        null,
        null,
        null,
        null,
        null,
        null,
        null,
        null,
        null,
        null,
        null,
        null,
        null,
        null
      ],
      "/home/kuujakke/Kode/arkisto/config/initializers/mime_types.rb": [
        null,
        null,
        null,
        null
      ],
      "/home/kuujakke/Kode/arkisto/config/initializers/new_framework_defaults.rb": [
        null,
        null,
        null,
        null,
        null,
        null,
        null,
        1,
        null,
        null,
        1,
        null,
        null,
        null,
        1,
        null,
        null,
        1,
        null,
        null,
        1,
        null,
        null,
        1
      ],
      "/home/kuujakke/Kode/arkisto/config/initializers/session_store.rb": [
        null,
        null,
        1
      ],
      "/home/kuujakke/Kode/arkisto/config/initializers/wrap_parameters.rb": [
        null,
        null,
        null,
        null,
        null,
        null,
        1,
        2,
        null,
        null,
        null,
        null,
        null,
        null
      ],
      "/home/kuujakke/Kode/arkisto/config/routes.rb": [
        1,
        null,
        null
      ],
      "/home/kuujakke/Kode/arkisto/app/helpers/application_helper.rb": [
        1,
        null
      ],
      "/home/kuujakke/Kode/arkisto/app/models/image.rb": [
        1,
        null
      ],
      "/home/kuujakke/Kode/arkisto/app/models/application_record.rb": [
        1,
        1,
        null
      ]
    },
    "timestamp": 1489577574
  }
}
